[ 2014-08-19T08:39:07+08:00 ] 127.0.0.1 /
INFO: [ app_init ] --START--
INFO: Run Behavior\BuildLiteBehavior [ RunTime:0.000082s ]
INFO: [ app_init ] --END-- [ RunTime:0.027434s ]
INFO: [ app_begin ] --START--
INFO: Run Behavior\ReadHtmlCacheBehavior [ RunTime:0.011056s ]
INFO: [ app_begin ] --END-- [ RunTime:0.011412s ]
NOTIC: [2] Invalid argument supplied for foreach() E:\work\iswzh\Application\Home\Controller\CommonController.class.php 第 69 行.
NOTIC: [2] array_multisort(): Argument #1 is expected to be an array or a sort flag E:\work\iswzh\Application\Home\Controller\CommonController.class.php 第 76 行.
NOTIC: [2] Invalid argument supplied for foreach() E:\work\iswzh\Application\Home\Controller\CommonController.class.php 第 98 行.
NOTIC: [8] Undefined index: cid E:\work\iswzh\Application\Home\Controller\CommonController.class.php 第 32 行.
SQL: SHOW COLUMNS FROM `sp_terms` [ RunTime:0.001916s ]
SQL: SELECT * FROM `sp_terms` WHERE ( `term_id` = 0 ) LIMIT 1   [ RunTime:0.000909s ]
NOTIC: [8] Undefined index: p E:\work\iswzh\Application\Home\Controller\IndexController.class.php 第 35 行.
SQL: SHOW COLUMNS FROM `sp_products` [ RunTime:0.001952s ]
SQL: SELECT COUNT(*) AS tp_count FROM `sp_products` WHERE ( `recommend` AND `audit` = 1 AND `status` = 1  ) LIMIT 1   [ RunTime:0.000547s ]
NOTIC: [8] Undefined index: p E:\work\iswzh\ThinkPHP\Library\Org\Cmf\PageFront.class.php 第 189 行.
NOTIC: [8] Undefined index: p E:\work\iswzh\ThinkPHP\Library\Org\Cmf\PageFront.class.php 第 189 行.
SQL: SELECT * FROM  `sp_products` WHERE `recommend`=1 AND `audit` =1 AND  `status` =1 
				ORDER BY  `recommend` DESC, IF(`recommend`=1,`recommend_time`,`audit_time`) DESC
    			 LIMIT 0, 60 [ RunTime:0.000783s ]
ERR: 1054:Unknown column 'recommend_time' in 'order clause'
 [ SQL语句 ] : SELECT * FROM  `sp_products` WHERE `recommend`=1 AND `audit` =1 AND  `status` =1 
				ORDER BY  `recommend` DESC, IF(`recommend`=1,`recommend_time`,`audit_time`) DESC
    			 LIMIT 0, 60
NOTIC: [2] Invalid argument supplied for foreach() E:\work\iswzh\Application\Home\Controller\IndexController.class.php 第 68 行.
INFO: [ view_parse ] --START--
INFO: [ template_filter ] --START--
INFO: Run Behavior\ContentReplaceBehavior [ RunTime:0.000575s ]
INFO: [ template_filter ] --END-- [ RunTime:0.000841s ]
NOTIC: [2] Invalid argument supplied for foreach() E:\work\iswzh\Application\Runtime\Cache\Home\fed3948f064c6e682df0776db3761049.php 第 53 行.
NOTIC: [2] Invalid argument supplied for foreach() E:\work\iswzh\Application\Runtime\Cache\Home\fed3948f064c6e682df0776db3761049.php 第 101 行.
INFO: Run Behavior\ParseTemplateBehavior [ RunTime:0.179779s ]
INFO: [ view_parse ] --END-- [ RunTime:0.180329s ]
INFO: [ view_filter ] --START--
INFO: Run Behavior\WriteHtmlCacheBehavior [ RunTime:0.045150s ]
INFO: [ view_filter ] --END-- [ RunTime:0.045446s ]
INFO: [ app_end ] --START--
INFO: Run Behavior\ShowPageTraceBehavior [ RunTime:0.096651s ]
INFO: [ app_end ] --END-- [ RunTime:0.096941s ]

[ 2014-08-19T08:39:30+08:00 ] 127.0.0.1 /
INFO: [ app_init ] --START--
INFO: Run Behavior\BuildLiteBehavior [ RunTime:0.000067s ]
INFO: [ app_init ] --END-- [ RunTime:0.001897s ]
INFO: [ app_begin ] --START--
INFO: Run Behavior\ReadHtmlCacheBehavior [ RunTime:0.002519s ]
INFO: [ app_begin ] --END-- [ RunTime:0.002898s ]
NOTIC: [2] Invalid argument supplied for foreach() E:\work\iswzh\Application\Home\Controller\CommonController.class.php 第 69 行.
NOTIC: [2] array_multisort(): Argument #1 is expected to be an array or a sort flag E:\work\iswzh\Application\Home\Controller\CommonController.class.php 第 76 行.
NOTIC: [2] Invalid argument supplied for foreach() E:\work\iswzh\Application\Home\Controller\CommonController.class.php 第 98 行.
NOTIC: [8] Undefined index: cid E:\work\iswzh\Application\Home\Controller\CommonController.class.php 第 32 行.
SQL: SHOW COLUMNS FROM `sp_terms` [ RunTime:0.002162s ]
SQL: SELECT * FROM `sp_terms` WHERE ( `term_id` = 0 ) LIMIT 1   [ RunTime:0.000994s ]
NOTIC: [8] Undefined index: p E:\work\iswzh\Application\Home\Controller\IndexController.class.php 第 35 行.
SQL: SHOW COLUMNS FROM `sp_products` [ RunTime:0.002484s ]
SQL: SELECT COUNT(*) AS tp_count FROM `sp_products` WHERE ( `recommend` AND `audit` = 1 AND `status` = 1  ) LIMIT 1   [ RunTime:0.000948s ]
NOTIC: [8] Undefined index: p E:\work\iswzh\ThinkPHP\Library\Org\Cmf\PageFront.class.php 第 189 行.
NOTIC: [8] Undefined index: p E:\work\iswzh\ThinkPHP\Library\Org\Cmf\PageFront.class.php 第 189 行.
SQL: SELECT * FROM  `sp_products` WHERE `recommend`=1 AND `audit` =1 AND  `status` =1 
				ORDER BY  `recommend` DESC, IF(`recommend`=1,`recommend_time`,`audit_time`) DESC
    			 LIMIT 0, 60 [ RunTime:0.000842s ]
ERR: 1054:Unknown column 'recommend_time' in 'order clause'
 [ SQL语句 ] : SELECT * FROM  `sp_products` WHERE `recommend`=1 AND `audit` =1 AND  `status` =1 
				ORDER BY  `recommend` DESC, IF(`recommend`=1,`recommend_time`,`audit_time`) DESC
    			 LIMIT 0, 60
NOTIC: [2] Invalid argument supplied for foreach() E:\work\iswzh\Application\Home\Controller\IndexController.class.php 第 68 行.
INFO: [ view_parse ] --START--
INFO: [ template_filter ] --START--
INFO: Run Behavior\ContentReplaceBehavior [ RunTime:0.001147s ]
INFO: [ template_filter ] --END-- [ RunTime:0.001442s ]
NOTIC: [2] Invalid argument supplied for foreach() E:\work\iswzh\Application\Runtime\Cache\Home\fed3948f064c6e682df0776db3761049.php 第 53 行.
NOTIC: [2] Invalid argument supplied for foreach() E:\work\iswzh\Application\Runtime\Cache\Home\fed3948f064c6e682df0776db3761049.php 第 101 行.
INFO: Run Behavior\ParseTemplateBehavior [ RunTime:0.068519s ]
INFO: [ view_parse ] --END-- [ RunTime:0.068695s ]
INFO: [ view_filter ] --START--
INFO: Run Behavior\WriteHtmlCacheBehavior [ RunTime:0.000594s ]
INFO: [ view_filter ] --END-- [ RunTime:0.000737s ]
INFO: [ app_end ] --START--
INFO: Run Behavior\ShowPageTraceBehavior [ RunTime:0.000961s ]
INFO: [ app_end ] --END-- [ RunTime:0.001066s ]

[ 2014-08-19T08:39:38+08:00 ] 127.0.0.1 /
INFO: [ app_init ] --START--
INFO: Run Behavior\BuildLiteBehavior [ RunTime:0.000067s ]
INFO: [ app_init ] --END-- [ RunTime:0.001885s ]
INFO: [ app_begin ] --START--
INFO: Run Behavior\ReadHtmlCacheBehavior [ RunTime:0.002942s ]
INFO: [ app_begin ] --END-- [ RunTime:0.003274s ]
NOTIC: [2] Invalid argument supplied for foreach() E:\work\iswzh\Application\Home\Controller\CommonController.class.php 第 69 行.
NOTIC: [2] array_multisort(): Argument #1 is expected to be an array or a sort flag E:\work\iswzh\Application\Home\Controller\CommonController.class.php 第 76 行.
NOTIC: [2] Invalid argument supplied for foreach() E:\work\iswzh\Application\Home\Controller\CommonController.class.php 第 98 行.
NOTIC: [8] Undefined index: cid E:\work\iswzh\Application\Home\Controller\CommonController.class.php 第 32 行.
SQL: SHOW COLUMNS FROM `sp_terms` [ RunTime:0.001911s ]
SQL: SELECT * FROM `sp_terms` WHERE ( `term_id` = 0 ) LIMIT 1   [ RunTime:0.000939s ]
NOTIC: [8] Undefined index: p E:\work\iswzh\Application\Home\Controller\IndexController.class.php 第 35 行.
SQL: SHOW COLUMNS FROM `sp_products` [ RunTime:0.001764s ]
SQL: SELECT COUNT(*) AS tp_count FROM `sp_products` WHERE ( `recommend` AND `audit` = 1 AND `status` = 1  ) LIMIT 1   [ RunTime:0.000669s ]
NOTIC: [8] Undefined index: p E:\work\iswzh\ThinkPHP\Library\Org\Cmf\PageFront.class.php 第 189 行.
NOTIC: [8] Undefined index: p E:\work\iswzh\ThinkPHP\Library\Org\Cmf\PageFront.class.php 第 189 行.
SQL: SELECT * FROM  `sp_products` WHERE `recommend`=1 AND `audit` =1 AND  `status` =1 
				ORDER BY  `recommend` DESC, IF(`recommend`=1,`recommend_time`,`audit_time`) DESC
    			 LIMIT 0, 60 [ RunTime:0.000707s ]
ERR: 1054:Unknown column 'recommend_time' in 'order clause'
 [ SQL语句 ] : SELECT * FROM  `sp_products` WHERE `recommend`=1 AND `audit` =1 AND  `status` =1 
				ORDER BY  `recommend` DESC, IF(`recommend`=1,`recommend_time`,`audit_time`) DESC
    			 LIMIT 0, 60
NOTIC: [2] Invalid argument supplied for foreach() E:\work\iswzh\Application\Home\Controller\IndexController.class.php 第 68 行.
INFO: [ view_parse ] --START--
INFO: [ template_filter ] --START--
INFO: Run Behavior\ContentReplaceBehavior [ RunTime:0.000315s ]
INFO: [ template_filter ] --END-- [ RunTime:0.000460s ]
NOTIC: [2] Invalid argument supplied for foreach() E:\work\iswzh\Application\Runtime\Cache\Home\fed3948f064c6e682df0776db3761049.php 第 53 行.
NOTIC: [2] Invalid argument supplied for foreach() E:\work\iswzh\Application\Runtime\Cache\Home\fed3948f064c6e682df0776db3761049.php 第 101 行.
INFO: Run Behavior\ParseTemplateBehavior [ RunTime:0.030573s ]
INFO: [ view_parse ] --END-- [ RunTime:0.030721s ]
INFO: [ view_filter ] --START--
INFO: Run Behavior\WriteHtmlCacheBehavior [ RunTime:0.000839s ]
INFO: [ view_filter ] --END-- [ RunTime:0.000978s ]
INFO: [ app_end ] --START--
INFO: Run Behavior\ShowPageTraceBehavior [ RunTime:0.001848s ]
INFO: [ app_end ] --END-- [ RunTime:0.002009s ]

[ 2014-08-19T08:43:29+08:00 ] 127.0.0.1 /allcategories/
INFO: [ app_init ] --START--
INFO: Run Behavior\BuildLiteBehavior [ RunTime:0.000034s ]
INFO: [ app_init ] --END-- [ RunTime:0.000863s ]
INFO: [ app_begin ] --START--
INFO: Run Behavior\ReadHtmlCacheBehavior [ RunTime:0.001265s ]
INFO: [ app_begin ] --END-- [ RunTime:0.001472s ]
NOTIC: [2] Invalid argument supplied for foreach() E:\work\iswzh\Application\Home\Controller\CommonController.class.php 第 69 行.
NOTIC: [2] array_multisort(): Argument #1 is expected to be an array or a sort flag E:\work\iswzh\Application\Home\Controller\CommonController.class.php 第 76 行.
NOTIC: [2] Invalid argument supplied for foreach() E:\work\iswzh\Application\Home\Controller\CommonController.class.php 第 98 行.
NOTIC: [8] Undefined index: cid E:\work\iswzh\Application\Home\Controller\CommonController.class.php 第 32 行.
SQL: SHOW COLUMNS FROM `sp_terms` [ RunTime:0.001851s ]
SQL: SELECT * FROM `sp_terms` WHERE ( `term_id` = 0 ) LIMIT 1   [ RunTime:0.000573s ]
NOTIC: [2] Invalid argument supplied for foreach() E:\work\iswzh\Application\Home\Controller\CommonController.class.php 第 85 行.
INFO: [ view_parse ] --START--
INFO: [ template_filter ] --START--
INFO: Run Behavior\ContentReplaceBehavior [ RunTime:0.000226s ]
INFO: [ template_filter ] --END-- [ RunTime:0.000343s ]
NOTIC: [2] Invalid argument supplied for foreach() E:\work\iswzh\Application\Runtime\Cache\Home\2c3bbb867674f91a2c5c5ee8468c08d0.php 第 53 行.
INFO: Run Behavior\ParseTemplateBehavior [ RunTime:0.034246s ]
INFO: [ view_parse ] --END-- [ RunTime:0.034391s ]
INFO: [ view_filter ] --START--
INFO: Run Behavior\WriteHtmlCacheBehavior [ RunTime:0.000771s ]
INFO: [ view_filter ] --END-- [ RunTime:0.000882s ]
INFO: [ app_end ] --START--
INFO: Run Behavior\ShowPageTraceBehavior [ RunTime:0.001270s ]
INFO: [ app_end ] --END-- [ RunTime:0.001398s ]

[ 2014-08-19T08:43:43+08:00 ] 127.0.0.1 /
INFO: [ app_init ] --START--
INFO: Run Behavior\BuildLiteBehavior [ RunTime:0.000029s ]
INFO: [ app_init ] --END-- [ RunTime:0.000842s ]
INFO: [ app_begin ] --START--
INFO: Run Behavior\ReadHtmlCacheBehavior [ RunTime:0.001431s ]
INFO: [ app_begin ] --END-- [ RunTime:0.001607s ]
NOTIC: [2] Invalid argument supplied for foreach() E:\work\iswzh\Application\Home\Controller\CommonController.class.php 第 69 行.
NOTIC: [2] array_multisort(): Argument #1 is expected to be an array or a sort flag E:\work\iswzh\Application\Home\Controller\CommonController.class.php 第 76 行.
NOTIC: [2] Invalid argument supplied for foreach() E:\work\iswzh\Application\Home\Controller\CommonController.class.php 第 98 行.
NOTIC: [8] Undefined index: cid E:\work\iswzh\Application\Home\Controller\CommonController.class.php 第 32 行.
SQL: SHOW COLUMNS FROM `sp_terms` [ RunTime:0.001472s ]
SQL: SELECT * FROM `sp_terms` WHERE ( `term_id` = 0 ) LIMIT 1   [ RunTime:0.000727s ]
NOTIC: [8] Undefined index: p E:\work\iswzh\Application\Home\Controller\IndexController.class.php 第 35 行.
SQL: SHOW COLUMNS FROM `sp_products` [ RunTime:0.001593s ]
SQL: SELECT COUNT(*) AS tp_count FROM `sp_products` WHERE ( `recommend` AND `audit` = 1 AND `status` = 1  ) LIMIT 1   [ RunTime:0.000857s ]
NOTIC: [8] Undefined index: p E:\work\iswzh\ThinkPHP\Library\Org\Cmf\PageFront.class.php 第 189 行.
NOTIC: [8] Undefined index: p E:\work\iswzh\ThinkPHP\Library\Org\Cmf\PageFront.class.php 第 189 行.
SQL: SELECT * FROM  `sp_products` WHERE `recommend`=1 AND `audit` =1 AND  `status` =1 
				ORDER BY  `recommend` DESC, IF(`recommend`=1,`recommend_time`,`audit_time`) DESC
    			 LIMIT 0, 60 [ RunTime:0.000709s ]
ERR: 1054:Unknown column 'recommend_time' in 'order clause'
 [ SQL语句 ] : SELECT * FROM  `sp_products` WHERE `recommend`=1 AND `audit` =1 AND  `status` =1 
				ORDER BY  `recommend` DESC, IF(`recommend`=1,`recommend_time`,`audit_time`) DESC
    			 LIMIT 0, 60
NOTIC: [2] Invalid argument supplied for foreach() E:\work\iswzh\Application\Home\Controller\IndexController.class.php 第 68 行.
INFO: [ view_parse ] --START--
INFO: [ template_filter ] --START--
INFO: Run Behavior\ContentReplaceBehavior [ RunTime:0.000237s ]
INFO: [ template_filter ] --END-- [ RunTime:0.000367s ]
NOTIC: [2] Invalid argument supplied for foreach() E:\work\iswzh\Application\Runtime\Cache\Home\fed3948f064c6e682df0776db3761049.php 第 53 行.
NOTIC: [2] Invalid argument supplied for foreach() E:\work\iswzh\Application\Runtime\Cache\Home\fed3948f064c6e682df0776db3761049.php 第 101 行.
INFO: Run Behavior\ParseTemplateBehavior [ RunTime:0.023239s ]
INFO: [ view_parse ] --END-- [ RunTime:0.023359s ]
INFO: [ view_filter ] --START--
INFO: Run Behavior\WriteHtmlCacheBehavior [ RunTime:0.000737s ]
INFO: [ view_filter ] --END-- [ RunTime:0.000844s ]
INFO: [ app_end ] --START--
INFO: Run Behavior\ShowPageTraceBehavior [ RunTime:0.001155s ]
INFO: [ app_end ] --END-- [ RunTime:0.001282s ]

