[ 2014-11-26T16:52:23+08:00 ] 192.168.2.212 /
INFO: [ app_init ] --START--
INFO: Run Behavior\BuildLiteBehavior [ RunTime:0.000072s ]
INFO: [ app_init ] --END-- [ RunTime:0.062619s ]
INFO: [ app_begin ] --START--
INFO: Run Behavior\ReadHtmlCacheBehavior [ RunTime:0.034428s ]
INFO: [ app_begin ] --END-- [ RunTime:0.034772s ]
NOTIC: [8] Undefined index: cid E:\work\iswzh\Application\Home\Controller\CommonController.class.php ç¬¬ 32 è¡Œ.
SQL: SHOW COLUMNS FROM `sp_terms` [ RunTime:0.021878s ]
SQL: SELECT * FROM `sp_terms` WHERE ( `term_id` = 0 ) LIMIT 1   [ RunTime:0.001020s ]
NOTIC: [8] Undefined index: p E:\work\iswzh\Application\Home\Controller\IndexController.class.php ç¬¬ 35 è¡Œ.
SQL: SHOW COLUMNS FROM `sp_products` [ RunTime:0.006004s ]
SQL: SELECT COUNT(*) AS tp_count FROM `sp_products` WHERE ( `recommend` AND `audit` = 1 AND `status` = 1  ) LIMIT 1   [ RunTime:0.002589s ]
NOTIC: [8] Undefined index: p E:\work\iswzh\ThinkPHP\Library\Org\Cmf\PageFront.class.php ç¬¬ 189 è¡Œ.
NOTIC: [8] Undefined index: p E:\work\iswzh\ThinkPHP\Library\Org\Cmf\PageFront.class.php ç¬¬ 189 è¡Œ.
SQL: SELECT * FROM  `sp_products` WHERE `recommend`=1 AND `audit` =1 AND  `status` =1 
				ORDER BY  `recommend` DESC, IF(`recommend`=1,`recommend_time`,`audit_time`) DESC
    			 LIMIT 0, 60 [ RunTime:0.017374s ]
INFO: [ view_parse ] --START--
INFO: [ template_filter ] --START--
INFO: Run Behavior\ContentReplaceBehavior [ RunTime:0.000726s ]
INFO: [ template_filter ] --END-- [ RunTime:0.001032s ]
NOTIC: [8] Undefined variable: curr_search_cid E:\work\iswzh\Application\Runtime\Cache\Home\fed3948f064c6e682df0776db3761049.php ç¬¬ 48 è¡Œ.
NOTIC: [8] Undefined variable: curr_search_cid E:\work\iswzh\Application\Runtime\Cache\Home\fed3948f064c6e682df0776db3761049.php ç¬¬ 48 è¡Œ.
NOTIC: [8] Undefined variable: curr_search_cid E:\work\iswzh\Application\Runtime\Cache\Home\fed3948f064c6e682df0776db3761049.php ç¬¬ 48 è¡Œ.
NOTIC: [8] Undefined variable: curr_search_cid E:\work\iswzh\Application\Runtime\Cache\Home\fed3948f064c6e682df0776db3761049.php ç¬¬ 48 è¡Œ.
NOTIC: [8] Undefined variable: left_curr_term_ids E:\work\iswzh\Application\Runtime\Cache\Home\fed3948f064c6e682df0776db3761049.php ç¬¬ 175 è¡Œ.
NOTIC: [2] Invalid argument supplied for foreach() E:\work\iswzh\Application\Runtime\Cache\Home\fed3948f064c6e682df0776db3761049.php ç¬¬ 175 è¡Œ.
NOTIC: [8] Undefined variable: left_curr_term_ids E:\work\iswzh\Application\Runtime\Cache\Home\fed3948f064c6e682df0776db3761049.php ç¬¬ 175 è¡Œ.
NOTIC: [2] Invalid argument supplied for foreach() E:\work\iswzh\Application\Runtime\Cache\Home\fed3948f064c6e682df0776db3761049.php ç¬¬ 175 è¡Œ.
NOTIC: [8] Undefined variable: left_curr_term_ids E:\work\iswzh\Application\Runtime\Cache\Home\fed3948f064c6e682df0776db3761049.php ç¬¬ 175 è¡Œ.
NOTIC: [2] Invalid argument supplied for foreach() E:\work\iswzh\Application\Runtime\Cache\Home\fed3948f064c6e682df0776db3761049.php ç¬¬ 175 è¡Œ.
NOTIC: [8] Undefined variable: left_curr_term_ids E:\work\iswzh\Application\Runtime\Cache\Home\fed3948f064c6e682df0776db3761049.php ç¬¬ 175 è¡Œ.
NOTIC: [2] Invalid argument supplied for foreach() E:\work\iswzh\Application\Runtime\Cache\Home\fed3948f064c6e682df0776db3761049.php ç¬¬ 175 è¡Œ.
NOTIC: [8] Undefined variable: left_curr_term_ids E:\work\iswzh\Application\Runtime\Cache\Home\fed3948f064c6e682df0776db3761049.php ç¬¬ 175 è¡Œ.
NOTIC: [2] Invalid argument supplied for foreach() E:\work\iswzh\Application\Runtime\Cache\Home\fed3948f064c6e682df0776db3761049.php ç¬¬ 175 è¡Œ.
NOTIC: [8] Undefined variable: left_curr_term_ids E:\work\iswzh\Application\Runtime\Cache\Home\fed3948f064c6e682df0776db3761049.php ç¬¬ 175 è¡Œ.
NOTIC: [2] Invalid argument supplied for foreach() E:\work\iswzh\Application\Runtime\Cache\Home\fed3948f064c6e682df0776db3761049.php ç¬¬ 175 è¡Œ.
NOTIC: [8] Undefined variable: left_curr_term_ids E:\work\iswzh\Application\Runtime\Cache\Home\fed3948f064c6e682df0776db3761049.php ç¬¬ 175 è¡Œ.
NOTIC: [2] Invalid argument supplied for foreach() E:\work\iswzh\Application\Runtime\Cache\Home\fed3948f064c6e682df0776db3761049.php ç¬¬ 175 è¡Œ.
NOTIC: [8] Undefined variable: left_curr_term_ids E:\work\iswzh\Application\Runtime\Cache\Home\fed3948f064c6e682df0776db3761049.php ç¬¬ 175 è¡Œ.
NOTIC: [2] Invalid argument supplied for foreach() E:\work\iswzh\Application\Runtime\Cache\Home\fed3948f064c6e682df0776db3761049.php ç¬¬ 175 è¡Œ.
INFO: Run Behavior\ParseTemplateBehavior [ RunTime:0.448585s ]
INFO: [ view_parse ] --END-- [ RunTime:0.448890s ]
INFO: [ view_filter ] --START--
INFO: Run Behavior\WriteHtmlCacheBehavior [ RunTime:0.023471s ]
INFO: [ view_filter ] --END-- [ RunTime:0.023744s ]
INFO: [ app_end ] --START--
INFO: Run Behavior\ShowPageTraceBehavior [ RunTime:0.054945s ]
INFO: [ app_end ] --END-- [ RunTime:0.055228s ]

[ 2014-11-26T16:54:58+08:00 ] 192.168.2.212 /
INFO: [ app_init ] --START--
INFO: Run Behavior\BuildLiteBehavior [ RunTime:0.000067s ]
INFO: [ app_init ] --END-- [ RunTime:0.001892s ]
INFO: [ app_begin ] --START--
INFO: Run Behavior\ReadHtmlCacheBehavior [ RunTime:0.003207s ]
INFO: [ app_begin ] --END-- [ RunTime:0.003554s ]
NOTIC: [8] Undefined index: cid E:\work\iswzh\Application\Home\Controller\CommonController.class.php ç¬¬ 32 è¡Œ.
SQL: SHOW COLUMNS FROM `sp_terms` [ RunTime:0.001424s ]
SQL: SELECT * FROM `sp_terms` WHERE ( `term_id` = 0 ) LIMIT 1   [ RunTime:0.000703s ]
NOTIC: [8] Undefined index: p E:\work\iswzh\Application\Home\Controller\IndexController.class.php ç¬¬ 35 è¡Œ.
SQL: SHOW COLUMNS FROM `sp_products` [ RunTime:0.001550s ]
SQL: SELECT COUNT(*) AS tp_count FROM `sp_products` WHERE ( `recommend` AND `audit` = 1 AND `status` = 1  ) LIMIT 1   [ RunTime:0.000716s ]
NOTIC: [8] Undefined index: p E:\work\iswzh\ThinkPHP\Library\Org\Cmf\PageFront.class.php ç¬¬ 189 è¡Œ.
NOTIC: [8] Undefined index: p E:\work\iswzh\ThinkPHP\Library\Org\Cmf\PageFront.class.php ç¬¬ 189 è¡Œ.
SQL: SELECT * FROM  `sp_products` WHERE `recommend`=1 AND `audit` =1 AND  `status` =1 
				ORDER BY  `recommend` DESC, IF(`recommend`=1,`recommend_time`,`audit_time`) DESC
    			 LIMIT 0, 60 [ RunTime:0.001112s ]
INFO: [ view_parse ] --START--
INFO: [ template_filter ] --START--
INFO: Run Behavior\ContentReplaceBehavior [ RunTime:0.000231s ]
INFO: [ template_filter ] --END-- [ RunTime:0.000349s ]
NOTIC: [8] Undefined variable: curr_search_cid E:\work\iswzh\Application\Runtime\Cache\Home\fed3948f064c6e682df0776db3761049.php ç¬¬ 48 è¡Œ.
NOTIC: [8] Undefined variable: curr_search_cid E:\work\iswzh\Application\Runtime\Cache\Home\fed3948f064c6e682df0776db3761049.php ç¬¬ 48 è¡Œ.
NOTIC: [8] Undefined variable: curr_search_cid E:\work\iswzh\Application\Runtime\Cache\Home\fed3948f064c6e682df0776db3761049.php ç¬¬ 48 è¡Œ.
NOTIC: [8] Undefined variable: curr_search_cid E:\work\iswzh\Application\Runtime\Cache\Home\fed3948f064c6e682df0776db3761049.php ç¬¬ 48 è¡Œ.
NOTIC: [8] Undefined variable: left_curr_term_ids E:\work\iswzh\Application\Runtime\Cache\Home\fed3948f064c6e682df0776db3761049.php ç¬¬ 175 è¡Œ.
NOTIC: [2] Invalid argument supplied for foreach() E:\work\iswzh\Application\Runtime\Cache\Home\fed3948f064c6e682df0776db3761049.php ç¬¬ 175 è¡Œ.
NOTIC: [8] Undefined variable: left_curr_term_ids E:\work\iswzh\Application\Runtime\Cache\Home\fed3948f064c6e682df0776db3761049.php ç¬¬ 175 è¡Œ.
NOTIC: [2] Invalid argument supplied for foreach() E:\work\iswzh\Application\Runtime\Cache\Home\fed3948f064c6e682df0776db3761049.php ç¬¬ 175 è¡Œ.
NOTIC: [8] Undefined variable: left_curr_term_ids E:\work\iswzh\Application\Runtime\Cache\Home\fed3948f064c6e682df0776db3761049.php ç¬¬ 175 è¡Œ.
NOTIC: [2] Invalid argument supplied for foreach() E:\work\iswzh\Application\Runtime\Cache\Home\fed3948f064c6e682df0776db3761049.php ç¬¬ 175 è¡Œ.
NOTIC: [8] Undefined variable: left_curr_term_ids E:\work\iswzh\Application\Runtime\Cache\Home\fed3948f064c6e682df0776db3761049.php ç¬¬ 175 è¡Œ.
NOTIC: [2] Invalid argument supplied for foreach() E:\work\iswzh\Application\Runtime\Cache\Home\fed3948f064c6e682df0776db3761049.php ç¬¬ 175 è¡Œ.
NOTIC: [8] Undefined variable: left_curr_term_ids E:\work\iswzh\Application\Runtime\Cache\Home\fed3948f064c6e682df0776db3761049.php ç¬¬ 175 è¡Œ.
NOTIC: [2] Invalid argument supplied for foreach() E:\work\iswzh\Application\Runtime\Cache\Home\fed3948f064c6e682df0776db3761049.php ç¬¬ 175 è¡Œ.
NOTIC: [8] Undefined variable: left_curr_term_ids E:\work\iswzh\Application\Runtime\Cache\Home\fed3948f064c6e682df0776db3761049.php ç¬¬ 175 è¡Œ.
NOTIC: [2] Invalid argument supplied for foreach() E:\work\iswzh\Application\Runtime\Cache\Home\fed3948f064c6e682df0776db3761049.php ç¬¬ 175 è¡Œ.
NOTIC: [8] Undefined variable: left_curr_term_ids E:\work\iswzh\Application\Runtime\Cache\Home\fed3948f064c6e682df0776db3761049.php ç¬¬ 175 è¡Œ.
NOTIC: [2] Invalid argument supplied for foreach() E:\work\iswzh\Application\Runtime\Cache\Home\fed3948f064c6e682df0776db3761049.php ç¬¬ 175 è¡Œ.
NOTIC: [8] Undefined variable: left_curr_term_ids E:\work\iswzh\Application\Runtime\Cache\Home\fed3948f064c6e682df0776db3761049.php ç¬¬ 175 è¡Œ.
NOTIC: [2] Invalid argument supplied for foreach() E:\work\iswzh\Application\Runtime\Cache\Home\fed3948f064c6e682df0776db3761049.php ç¬¬ 175 è¡Œ.
INFO: Run Behavior\ParseTemplateBehavior [ RunTime:0.073480s ]
INFO: [ view_parse ] --END-- [ RunTime:0.073585s ]
INFO: [ view_filter ] --START--
INFO: Run Behavior\WriteHtmlCacheBehavior [ RunTime:0.000798s ]
INFO: [ view_filter ] --END-- [ RunTime:0.000897s ]
INFO: [ app_end ] --START--
INFO: Run Behavior\ShowPageTraceBehavior [ RunTime:0.001597s ]
INFO: [ app_end ] --END-- [ RunTime:0.001728s ]

[ 2014-11-26T16:54:59+08:00 ] 192.168.2.212 /
INFO: [ app_init ] --START--
INFO: Run Behavior\BuildLiteBehavior [ RunTime:0.000027s ]
INFO: [ app_init ] --END-- [ RunTime:0.000771s ]
INFO: [ app_begin ] --START--
INFO: Run Behavior\ReadHtmlCacheBehavior [ RunTime:0.001088s ]
INFO: [ app_begin ] --END-- [ RunTime:0.001223s ]
NOTIC: [8] Undefined index: cid E:\work\iswzh\Application\Home\Controller\CommonController.class.php ç¬¬ 32 è¡Œ.
SQL: SHOW COLUMNS FROM `sp_terms` [ RunTime:0.001362s ]
SQL: SELECT * FROM `sp_terms` WHERE ( `term_id` = 0 ) LIMIT 1   [ RunTime:0.000633s ]
NOTIC: [8] Undefined index: p E:\work\iswzh\Application\Home\Controller\IndexController.class.php ç¬¬ 35 è¡Œ.
SQL: SHOW COLUMNS FROM `sp_products` [ RunTime:0.001654s ]
SQL: SELECT COUNT(*) AS tp_count FROM `sp_products` WHERE ( `recommend` AND `audit` = 1 AND `status` = 1  ) LIMIT 1   [ RunTime:0.000709s ]
NOTIC: [8] Undefined index: p E:\work\iswzh\ThinkPHP\Library\Org\Cmf\PageFront.class.php ç¬¬ 189 è¡Œ.
NOTIC: [8] Undefined index: p E:\work\iswzh\ThinkPHP\Library\Org\Cmf\PageFront.class.php ç¬¬ 189 è¡Œ.
SQL: SELECT * FROM  `sp_products` WHERE `recommend`=1 AND `audit` =1 AND  `status` =1 
				ORDER BY  `recommend` DESC, IF(`recommend`=1,`recommend_time`,`audit_time`) DESC
    			 LIMIT 0, 60 [ RunTime:0.001171s ]
INFO: [ view_parse ] --START--
INFO: [ template_filter ] --START--
INFO: Run Behavior\ContentReplaceBehavior [ RunTime:0.000328s ]
INFO: [ template_filter ] --END-- [ RunTime:0.000500s ]
NOTIC: [8] Undefined variable: curr_search_cid E:\work\iswzh\Application\Runtime\Cache\Home\fed3948f064c6e682df0776db3761049.php ç¬¬ 48 è¡Œ.
NOTIC: [8] Undefined variable: curr_search_cid E:\work\iswzh\Application\Runtime\Cache\Home\fed3948f064c6e682df0776db3761049.php ç¬¬ 48 è¡Œ.
NOTIC: [8] Undefined variable: curr_search_cid E:\work\iswzh\Application\Runtime\Cache\Home\fed3948f064c6e682df0776db3761049.php ç¬¬ 48 è¡Œ.
NOTIC: [8] Undefined variable: curr_search_cid E:\work\iswzh\Application\Runtime\Cache\Home\fed3948f064c6e682df0776db3761049.php ç¬¬ 48 è¡Œ.
NOTIC: [8] Undefined variable: left_curr_term_ids E:\work\iswzh\Application\Runtime\Cache\Home\fed3948f064c6e682df0776db3761049.php ç¬¬ 175 è¡Œ.
NOTIC: [2] Invalid argument supplied for foreach() E:\work\iswzh\Application\Runtime\Cache\Home\fed3948f064c6e682df0776db3761049.php ç¬¬ 175 è¡Œ.
NOTIC: [8] Undefined variable: left_curr_term_ids E:\work\iswzh\Application\Runtime\Cache\Home\fed3948f064c6e682df0776db3761049.php ç¬¬ 175 è¡Œ.
NOTIC: [2] Invalid argument supplied for foreach() E:\work\iswzh\Application\Runtime\Cache\Home\fed3948f064c6e682df0776db3761049.php ç¬¬ 175 è¡Œ.
NOTIC: [8] Undefined variable: left_curr_term_ids E:\work\iswzh\Application\Runtime\Cache\Home\fed3948f064c6e682df0776db3761049.php ç¬¬ 175 è¡Œ.
NOTIC: [2] Invalid argument supplied for foreach() E:\work\iswzh\Application\Runtime\Cache\Home\fed3948f064c6e682df0776db3761049.php ç¬¬ 175 è¡Œ.
NOTIC: [8] Undefined variable: left_curr_term_ids E:\work\iswzh\Application\Runtime\Cache\Home\fed3948f064c6e682df0776db3761049.php ç¬¬ 175 è¡Œ.
NOTIC: [2] Invalid argument supplied for foreach() E:\work\iswzh\Application\Runtime\Cache\Home\fed3948f064c6e682df0776db3761049.php ç¬¬ 175 è¡Œ.
NOTIC: [8] Undefined variable: left_curr_term_ids E:\work\iswzh\Application\Runtime\Cache\Home\fed3948f064c6e682df0776db3761049.php ç¬¬ 175 è¡Œ.
NOTIC: [2] Invalid argument supplied for foreach() E:\work\iswzh\Application\Runtime\Cache\Home\fed3948f064c6e682df0776db3761049.php ç¬¬ 175 è¡Œ.
NOTIC: [8] Undefined variable: left_curr_term_ids E:\work\iswzh\Application\Runtime\Cache\Home\fed3948f064c6e682df0776db3761049.php ç¬¬ 175 è¡Œ.
NOTIC: [2] Invalid argument supplied for foreach() E:\work\iswzh\Application\Runtime\Cache\Home\fed3948f064c6e682df0776db3761049.php ç¬¬ 175 è¡Œ.
NOTIC: [8] Undefined variable: left_curr_term_ids E:\work\iswzh\Application\Runtime\Cache\Home\fed3948f064c6e682df0776db3761049.php ç¬¬ 175 è¡Œ.
NOTIC: [2] Invalid argument supplied for foreach() E:\work\iswzh\Application\Runtime\Cache\Home\fed3948f064c6e682df0776db3761049.php ç¬¬ 175 è¡Œ.
NOTIC: [8] Undefined variable: left_curr_term_ids E:\work\iswzh\Application\Runtime\Cache\Home\fed3948f064c6e682df0776db3761049.php ç¬¬ 175 è¡Œ.
NOTIC: [2] Invalid argument supplied for foreach() E:\work\iswzh\Application\Runtime\Cache\Home\fed3948f064c6e682df0776db3761049.php ç¬¬ 175 è¡Œ.
INFO: Run Behavior\ParseTemplateBehavior [ RunTime:0.105638s ]
INFO: [ view_parse ] --END-- [ RunTime:0.105745s ]
INFO: [ view_filter ] --START--
INFO: Run Behavior\WriteHtmlCacheBehavior [ RunTime:0.000655s ]
INFO: [ view_filter ] --END-- [ RunTime:0.000753s ]
INFO: [ app_end ] --START--
INFO: Run Behavior\ShowPageTraceBehavior [ RunTime:0.001201s ]
INFO: [ app_end ] --END-- [ RunTime:0.001319s ]

[ 2014-11-26T16:54:59+08:00 ] 192.168.2.212 /
INFO: [ app_init ] --START--
INFO: Run Behavior\BuildLiteBehavior [ RunTime:0.000027s ]
INFO: [ app_init ] --END-- [ RunTime:0.000643s ]
INFO: [ app_begin ] --START--
INFO: Run Behavior\ReadHtmlCacheBehavior [ RunTime:0.001047s ]
INFO: [ app_begin ] --END-- [ RunTime:0.001169s ]
NOTIC: [8] Undefined index: cid E:\work\iswzh\Application\Home\Controller\CommonController.class.php ç¬¬ 32 è¡Œ.
SQL: SHOW COLUMNS FROM `sp_terms` [ RunTime:0.001350s ]
SQL: SELECT * FROM `sp_terms` WHERE ( `term_id` = 0 ) LIMIT 1   [ RunTime:0.000818s ]
NOTIC: [8] Undefined index: p E:\work\iswzh\Application\Home\Controller\IndexController.class.php ç¬¬ 35 è¡Œ.
SQL: SHOW COLUMNS FROM `sp_products` [ RunTime:0.001940s ]
SQL: SELECT COUNT(*) AS tp_count FROM `sp_products` WHERE ( `recommend` AND `audit` = 1 AND `status` = 1  ) LIMIT 1   [ RunTime:0.000723s ]
NOTIC: [8] Undefined index: p E:\work\iswzh\ThinkPHP\Library\Org\Cmf\PageFront.class.php ç¬¬ 189 è¡Œ.
NOTIC: [8] Undefined index: p E:\work\iswzh\ThinkPHP\Library\Org\Cmf\PageFront.class.php ç¬¬ 189 è¡Œ.
SQL: SELECT * FROM  `sp_products` WHERE `recommend`=1 AND `audit` =1 AND  `status` =1 
				ORDER BY  `recommend` DESC, IF(`recommend`=1,`recommend_time`,`audit_time`) DESC
    			 LIMIT 0, 60 [ RunTime:0.001321s ]
INFO: [ view_parse ] --START--
INFO: [ template_filter ] --START--
INFO: Run Behavior\ContentReplaceBehavior [ RunTime:0.000236s ]
INFO: [ template_filter ] --END-- [ RunTime:0.000360s ]
NOTIC: [8] Undefined variable: curr_search_cid E:\work\iswzh\Application\Runtime\Cache\Home\fed3948f064c6e682df0776db3761049.php ç¬¬ 48 è¡Œ.
NOTIC: [8] Undefined variable: curr_search_cid E:\work\iswzh\Application\Runtime\Cache\Home\fed3948f064c6e682df0776db3761049.php ç¬¬ 48 è¡Œ.
NOTIC: [8] Undefined variable: curr_search_cid E:\work\iswzh\Application\Runtime\Cache\Home\fed3948f064c6e682df0776db3761049.php ç¬¬ 48 è¡Œ.
NOTIC: [8] Undefined variable: curr_search_cid E:\work\iswzh\Application\Runtime\Cache\Home\fed3948f064c6e682df0776db3761049.php ç¬¬ 48 è¡Œ.
NOTIC: [8] Undefined variable: left_curr_term_ids E:\work\iswzh\Application\Runtime\Cache\Home\fed3948f064c6e682df0776db3761049.php ç¬¬ 175 è¡Œ.
NOTIC: [2] Invalid argument supplied for foreach() E:\work\iswzh\Application\Runtime\Cache\Home\fed3948f064c6e682df0776db3761049.php ç¬¬ 175 è¡Œ.
NOTIC: [8] Undefined variable: left_curr_term_ids E:\work\iswzh\Application\Runtime\Cache\Home\fed3948f064c6e682df0776db3761049.php ç¬¬ 175 è¡Œ.
NOTIC: [2] Invalid argument supplied for foreach() E:\work\iswzh\Application\Runtime\Cache\Home\fed3948f064c6e682df0776db3761049.php ç¬¬ 175 è¡Œ.
NOTIC: [8] Undefined variable: left_curr_term_ids E:\work\iswzh\Application\Runtime\Cache\Home\fed3948f064c6e682df0776db3761049.php ç¬¬ 175 è¡Œ.
NOTIC: [2] Invalid argument supplied for foreach() E:\work\iswzh\Application\Runtime\Cache\Home\fed3948f064c6e682df0776db3761049.php ç¬¬ 175 è¡Œ.
NOTIC: [8] Undefined variable: left_curr_term_ids E:\work\iswzh\Application\Runtime\Cache\Home\fed3948f064c6e682df0776db3761049.php ç¬¬ 175 è¡Œ.
NOTIC: [2] Invalid argument supplied for foreach() E:\work\iswzh\Application\Runtime\Cache\Home\fed3948f064c6e682df0776db3761049.php ç¬¬ 175 è¡Œ.
NOTIC: [8] Undefined variable: left_curr_term_ids E:\work\iswzh\Application\Runtime\Cache\Home\fed3948f064c6e682df0776db3761049.php ç¬¬ 175 è¡Œ.
NOTIC: [2] Invalid argument supplied for foreach() E:\work\iswzh\Application\Runtime\Cache\Home\fed3948f064c6e682df0776db3761049.php ç¬¬ 175 è¡Œ.
NOTIC: [8] Undefined variable: left_curr_term_ids E:\work\iswzh\Application\Runtime\Cache\Home\fed3948f064c6e682df0776db3761049.php ç¬¬ 175 è¡Œ.
NOTIC: [2] Invalid argument supplied for foreach() E:\work\iswzh\Application\Runtime\Cache\Home\fed3948f064c6e682df0776db3761049.php ç¬¬ 175 è¡Œ.
NOTIC: [8] Undefined variable: left_curr_term_ids E:\work\iswzh\Application\Runtime\Cache\Home\fed3948f064c6e682df0776db3761049.php ç¬¬ 175 è¡Œ.
NOTIC: [2] Invalid argument supplied for foreach() E:\work\iswzh\Application\Runtime\Cache\Home\fed3948f064c6e682df0776db3761049.php ç¬¬ 175 è¡Œ.
NOTIC: [8] Undefined variable: left_curr_term_ids E:\work\iswzh\Application\Runtime\Cache\Home\fed3948f064c6e682df0776db3761049.php ç¬¬ 175 è¡Œ.
NOTIC: [2] Invalid argument supplied for foreach() E:\work\iswzh\Application\Runtime\Cache\Home\fed3948f064c6e682df0776db3761049.php ç¬¬ 175 è¡Œ.
INFO: Run Behavior\ParseTemplateBehavior [ RunTime:0.035871s ]
INFO: [ view_parse ] --END-- [ RunTime:0.035979s ]
INFO: [ view_filter ] --START--
INFO: Run Behavior\WriteHtmlCacheBehavior [ RunTime:0.000554s ]
INFO: [ view_filter ] --END-- [ RunTime:0.000648s ]
INFO: [ app_end ] --START--
INFO: Run Behavior\ShowPageTraceBehavior [ RunTime:0.001347s ]
INFO: [ app_end ] --END-- [ RunTime:0.001461s ]

[ 2014-11-26T16:55:00+08:00 ] 192.168.2.212 /
INFO: [ app_init ] --START--
INFO: Run Behavior\BuildLiteBehavior [ RunTime:0.000069s ]
INFO: [ app_init ] --END-- [ RunTime:0.002074s ]
INFO: [ app_begin ] --START--
INFO: Run Behavior\ReadHtmlCacheBehavior [ RunTime:0.002643s ]
INFO: [ app_begin ] --END-- [ RunTime:0.002957s ]
NOTIC: [8] Undefined index: cid E:\work\iswzh\Application\Home\Controller\CommonController.class.php ç¬¬ 32 è¡Œ.
SQL: SHOW COLUMNS FROM `sp_terms` [ RunTime:0.001885s ]
SQL: SELECT * FROM `sp_terms` WHERE ( `term_id` = 0 ) LIMIT 1   [ RunTime:0.000900s ]
NOTIC: [8] Undefined index: p E:\work\iswzh\Application\Home\Controller\IndexController.class.php ç¬¬ 35 è¡Œ.
SQL: SHOW COLUMNS FROM `sp_products` [ RunTime:0.002575s ]
SQL: SELECT COUNT(*) AS tp_count FROM `sp_products` WHERE ( `recommend` AND `audit` = 1 AND `status` = 1  ) LIMIT 1   [ RunTime:0.000869s ]
NOTIC: [8] Undefined index: p E:\work\iswzh\ThinkPHP\Library\Org\Cmf\PageFront.class.php ç¬¬ 189 è¡Œ.
NOTIC: [8] Undefined index: p E:\work\iswzh\ThinkPHP\Library\Org\Cmf\PageFront.class.php ç¬¬ 189 è¡Œ.
SQL: SELECT * FROM  `sp_products` WHERE `recommend`=1 AND `audit` =1 AND  `status` =1 
				ORDER BY  `recommend` DESC, IF(`recommend`=1,`recommend_time`,`audit_time`) DESC
    			 LIMIT 0, 60 [ RunTime:0.001687s ]
INFO: [ view_parse ] --START--
INFO: [ template_filter ] --START--
INFO: Run Behavior\ContentReplaceBehavior [ RunTime:0.000352s ]
INFO: [ template_filter ] --END-- [ RunTime:0.000520s ]
NOTIC: [8] Undefined variable: curr_search_cid E:\work\iswzh\Application\Runtime\Cache\Home\fed3948f064c6e682df0776db3761049.php ç¬¬ 48 è¡Œ.
NOTIC: [8] Undefined variable: curr_search_cid E:\work\iswzh\Application\Runtime\Cache\Home\fed3948f064c6e682df0776db3761049.php ç¬¬ 48 è¡Œ.
NOTIC: [8] Undefined variable: curr_search_cid E:\work\iswzh\Application\Runtime\Cache\Home\fed3948f064c6e682df0776db3761049.php ç¬¬ 48 è¡Œ.
NOTIC: [8] Undefined variable: curr_search_cid E:\work\iswzh\Application\Runtime\Cache\Home\fed3948f064c6e682df0776db3761049.php ç¬¬ 48 è¡Œ.
NOTIC: [8] Undefined variable: left_curr_term_ids E:\work\iswzh\Application\Runtime\Cache\Home\fed3948f064c6e682df0776db3761049.php ç¬¬ 175 è¡Œ.
NOTIC: [2] Invalid argument supplied for foreach() E:\work\iswzh\Application\Runtime\Cache\Home\fed3948f064c6e682df0776db3761049.php ç¬¬ 175 è¡Œ.
NOTIC: [8] Undefined variable: left_curr_term_ids E:\work\iswzh\Application\Runtime\Cache\Home\fed3948f064c6e682df0776db3761049.php ç¬¬ 175 è¡Œ.
NOTIC: [2] Invalid argument supplied for foreach() E:\work\iswzh\Application\Runtime\Cache\Home\fed3948f064c6e682df0776db3761049.php ç¬¬ 175 è¡Œ.
NOTIC: [8] Undefined variable: left_curr_term_ids E:\work\iswzh\Application\Runtime\Cache\Home\fed3948f064c6e682df0776db3761049.php ç¬¬ 175 è¡Œ.
NOTIC: [2] Invalid argument supplied for foreach() E:\work\iswzh\Application\Runtime\Cache\Home\fed3948f064c6e682df0776db3761049.php ç¬¬ 175 è¡Œ.
NOTIC: [8] Undefined variable: left_curr_term_ids E:\work\iswzh\Application\Runtime\Cache\Home\fed3948f064c6e682df0776db3761049.php ç¬¬ 175 è¡Œ.
NOTIC: [2] Invalid argument supplied for foreach() E:\work\iswzh\Application\Runtime\Cache\Home\fed3948f064c6e682df0776db3761049.php ç¬¬ 175 è¡Œ.
NOTIC: [8] Undefined variable: left_curr_term_ids E:\work\iswzh\Application\Runtime\Cache\Home\fed3948f064c6e682df0776db3761049.php ç¬¬ 175 è¡Œ.
NOTIC: [2] Invalid argument supplied for foreach() E:\work\iswzh\Application\Runtime\Cache\Home\fed3948f064c6e682df0776db3761049.php ç¬¬ 175 è¡Œ.
NOTIC: [8] Undefined variable: left_curr_term_ids E:\work\iswzh\Application\Runtime\Cache\Home\fed3948f064c6e682df0776db3761049.php ç¬¬ 175 è¡Œ.
NOTIC: [2] Invalid argument supplied for foreach() E:\work\iswzh\Application\Runtime\Cache\Home\fed3948f064c6e682df0776db3761049.php ç¬¬ 175 è¡Œ.
NOTIC: [8] Undefined variable: left_curr_term_ids E:\work\iswzh\Application\Runtime\Cache\Home\fed3948f064c6e682df0776db3761049.php ç¬¬ 175 è¡Œ.
NOTIC: [2] Invalid argument supplied for foreach() E:\work\iswzh\Application\Runtime\Cache\Home\fed3948f064c6e682df0776db3761049.php ç¬¬ 175 è¡Œ.
NOTIC: [8] Undefined variable: left_curr_term_ids E:\work\iswzh\Application\Runtime\Cache\Home\fed3948f064c6e682df0776db3761049.php ç¬¬ 175 è¡Œ.
NOTIC: [2] Invalid argument supplied for foreach() E:\work\iswzh\Application\Runtime\Cache\Home\fed3948f064c6e682df0776db3761049.php ç¬¬ 175 è¡Œ.
INFO: Run Behavior\ParseTemplateBehavior [ RunTime:0.038411s ]
INFO: [ view_parse ] --END-- [ RunTime:0.038615s ]
INFO: [ view_filter ] --START--
INFO: Run Behavior\WriteHtmlCacheBehavior [ RunTime:0.000934s ]
INFO: [ view_filter ] --END-- [ RunTime:0.001074s ]
INFO: [ app_end ] --START--
INFO: Run Behavior\ShowPageTraceBehavior [ RunTime:0.001806s ]
INFO: [ app_end ] --END-- [ RunTime:0.001965s ]

[ 2014-11-26T16:55:02+08:00 ] 192.168.2.212 /
INFO: [ app_init ] --START--
INFO: Run Behavior\BuildLiteBehavior [ RunTime:0.000037s ]
INFO: [ app_init ] --END-- [ RunTime:0.001011s ]
INFO: [ app_begin ] --START--
INFO: Run Behavior\ReadHtmlCacheBehavior [ RunTime:0.001529s ]
INFO: [ app_begin ] --END-- [ RunTime:0.001709s ]
NOTIC: [8] Undefined index: cid E:\work\iswzh\Application\Home\Controller\CommonController.class.php ç¬¬ 32 è¡Œ.
SQL: SHOW COLUMNS FROM `sp_terms` [ RunTime:0.001395s ]
SQL: SELECT * FROM `sp_terms` WHERE ( `term_id` = 0 ) LIMIT 1   [ RunTime:0.000609s ]
NOTIC: [8] Undefined index: p E:\work\iswzh\Application\Home\Controller\IndexController.class.php ç¬¬ 35 è¡Œ.
SQL: SHOW COLUMNS FROM `sp_products` [ RunTime:0.001999s ]
SQL: SELECT COUNT(*) AS tp_count FROM `sp_products` WHERE ( `recommend` AND `audit` = 1 AND `status` = 1  ) LIMIT 1   [ RunTime:0.000451s ]
NOTIC: [8] Undefined index: p E:\work\iswzh\ThinkPHP\Library\Org\Cmf\PageFront.class.php ç¬¬ 189 è¡Œ.
NOTIC: [8] Undefined index: p E:\work\iswzh\ThinkPHP\Library\Org\Cmf\PageFront.class.php ç¬¬ 189 è¡Œ.
SQL: SELECT * FROM  `sp_products` WHERE `recommend`=1 AND `audit` =1 AND  `status` =1 
				ORDER BY  `recommend` DESC, IF(`recommend`=1,`recommend_time`,`audit_time`) DESC
    			 LIMIT 0, 60 [ RunTime:0.001207s ]
INFO: [ view_parse ] --START--
INFO: [ template_filter ] --START--
INFO: Run Behavior\ContentReplaceBehavior [ RunTime:0.000352s ]
INFO: [ template_filter ] --END-- [ RunTime:0.000567s ]
NOTIC: [8] Undefined variable: curr_search_cid E:\work\iswzh\Application\Runtime\Cache\Home\fed3948f064c6e682df0776db3761049.php ç¬¬ 48 è¡Œ.
NOTIC: [8] Undefined variable: curr_search_cid E:\work\iswzh\Application\Runtime\Cache\Home\fed3948f064c6e682df0776db3761049.php ç¬¬ 48 è¡Œ.
NOTIC: [8] Undefined variable: curr_search_cid E:\work\iswzh\Application\Runtime\Cache\Home\fed3948f064c6e682df0776db3761049.php ç¬¬ 48 è¡Œ.
NOTIC: [8] Undefined variable: curr_search_cid E:\work\iswzh\Application\Runtime\Cache\Home\fed3948f064c6e682df0776db3761049.php ç¬¬ 48 è¡Œ.
NOTIC: [8] Undefined variable: left_curr_term_ids E:\work\iswzh\Application\Runtime\Cache\Home\fed3948f064c6e682df0776db3761049.php ç¬¬ 175 è¡Œ.
NOTIC: [2] Invalid argument supplied for foreach() E:\work\iswzh\Application\Runtime\Cache\Home\fed3948f064c6e682df0776db3761049.php ç¬¬ 175 è¡Œ.
NOTIC: [8] Undefined variable: left_curr_term_ids E:\work\iswzh\Application\Runtime\Cache\Home\fed3948f064c6e682df0776db3761049.php ç¬¬ 175 è¡Œ.
NOTIC: [2] Invalid argument supplied for foreach() E:\work\iswzh\Application\Runtime\Cache\Home\fed3948f064c6e682df0776db3761049.php ç¬¬ 175 è¡Œ.
NOTIC: [8] Undefined variable: left_curr_term_ids E:\work\iswzh\Application\Runtime\Cache\Home\fed3948f064c6e682df0776db3761049.php ç¬¬ 175 è¡Œ.
NOTIC: [2] Invalid argument supplied for foreach() E:\work\iswzh\Application\Runtime\Cache\Home\fed3948f064c6e682df0776db3761049.php ç¬¬ 175 è¡Œ.
NOTIC: [8] Undefined variable: left_curr_term_ids E:\work\iswzh\Application\Runtime\Cache\Home\fed3948f064c6e682df0776db3761049.php ç¬¬ 175 è¡Œ.
NOTIC: [2] Invalid argument supplied for foreach() E:\work\iswzh\Application\Runtime\Cache\Home\fed3948f064c6e682df0776db3761049.php ç¬¬ 175 è¡Œ.
NOTIC: [8] Undefined variable: left_curr_term_ids E:\work\iswzh\Application\Runtime\Cache\Home\fed3948f064c6e682df0776db3761049.php ç¬¬ 175 è¡Œ.
NOTIC: [2] Invalid argument supplied for foreach() E:\work\iswzh\Application\Runtime\Cache\Home\fed3948f064c6e682df0776db3761049.php ç¬¬ 175 è¡Œ.
NOTIC: [8] Undefined variable: left_curr_term_ids E:\work\iswzh\Application\Runtime\Cache\Home\fed3948f064c6e682df0776db3761049.php ç¬¬ 175 è¡Œ.
NOTIC: [2] Invalid argument supplied for foreach() E:\work\iswzh\Application\Runtime\Cache\Home\fed3948f064c6e682df0776db3761049.php ç¬¬ 175 è¡Œ.
NOTIC: [8] Undefined variable: left_curr_term_ids E:\work\iswzh\Application\Runtime\Cache\Home\fed3948f064c6e682df0776db3761049.php ç¬¬ 175 è¡Œ.
NOTIC: [2] Invalid argument supplied for foreach() E:\work\iswzh\Application\Runtime\Cache\Home\fed3948f064c6e682df0776db3761049.php ç¬¬ 175 è¡Œ.
NOTIC: [8] Undefined variable: left_curr_term_ids E:\work\iswzh\Application\Runtime\Cache\Home\fed3948f064c6e682df0776db3761049.php ç¬¬ 175 è¡Œ.
NOTIC: [2] Invalid argument supplied for foreach() E:\work\iswzh\Application\Runtime\Cache\Home\fed3948f064c6e682df0776db3761049.php ç¬¬ 175 è¡Œ.
INFO: Run Behavior\ParseTemplateBehavior [ RunTime:0.042179s ]
INFO: [ view_parse ] --END-- [ RunTime:0.042470s ]
INFO: [ view_filter ] --START--
INFO: Run Behavior\WriteHtmlCacheBehavior [ RunTime:0.001204s ]
INFO: [ view_filter ] --END-- [ RunTime:0.001355s ]
INFO: [ app_end ] --START--
INFO: Run Behavior\ShowPageTraceBehavior [ RunTime:0.002145s ]
INFO: [ app_end ] --END-- [ RunTime:0.002304s ]

[ 2014-11-26T16:55:08+08:00 ] 192.168.2.212 /
INFO: [ app_init ] --START--
INFO: Run Behavior\BuildLiteBehavior [ RunTime:0.000031s ]
INFO: [ app_init ] --END-- [ RunTime:0.024603s ]
INFO: [ app_begin ] --START--
INFO: Run Behavior\ReadHtmlCacheBehavior [ RunTime:0.021261s ]
INFO: [ app_begin ] --END-- [ RunTime:0.021411s ]
NOTIC: [8] Undefined index: cid E:\work\iswzh\Application\Home\Controller\CommonController.class.php ç¬¬ 32 è¡Œ.
SQL: SHOW COLUMNS FROM `sp_terms` [ RunTime:0.001736s ]
SQL: SELECT * FROM `sp_terms` WHERE ( `term_id` = 0 ) LIMIT 1   [ RunTime:0.000644s ]
NOTIC: [8] Undefined index: p E:\work\iswzh\Application\Home\Controller\IndexController.class.php ç¬¬ 35 è¡Œ.
SQL: SHOW COLUMNS FROM `sp_products` [ RunTime:0.001606s ]
SQL: SELECT COUNT(*) AS tp_count FROM `sp_products` WHERE ( `recommend` AND `audit` = 1 AND `status` = 1  ) LIMIT 1   [ RunTime:0.000714s ]
NOTIC: [8] Undefined index: p E:\work\iswzh\ThinkPHP\Library\Org\Cmf\PageFront.class.php ç¬¬ 189 è¡Œ.
NOTIC: [8] Undefined index: p E:\work\iswzh\ThinkPHP\Library\Org\Cmf\PageFront.class.php ç¬¬ 189 è¡Œ.
SQL: SELECT * FROM  `sp_products` WHERE `recommend`=1 AND `audit` =1 AND  `status` =1 
				ORDER BY  `recommend` DESC, IF(`recommend`=1,`recommend_time`,`audit_time`) DESC
    			 LIMIT 0, 60 [ RunTime:0.001104s ]
INFO: [ view_parse ] --START--
INFO: [ template_filter ] --START--
INFO: Run Behavior\ContentReplaceBehavior [ RunTime:0.000234s ]
INFO: [ template_filter ] --END-- [ RunTime:0.000365s ]
NOTIC: [8] Undefined variable: curr_search_cid E:\work\iswzh\Application\Runtime\Cache\Home\fed3948f064c6e682df0776db3761049.php ç¬¬ 48 è¡Œ.
NOTIC: [8] Undefined variable: curr_search_cid E:\work\iswzh\Application\Runtime\Cache\Home\fed3948f064c6e682df0776db3761049.php ç¬¬ 48 è¡Œ.
NOTIC: [8] Undefined variable: curr_search_cid E:\work\iswzh\Application\Runtime\Cache\Home\fed3948f064c6e682df0776db3761049.php ç¬¬ 48 è¡Œ.
NOTIC: [8] Undefined variable: curr_search_cid E:\work\iswzh\Application\Runtime\Cache\Home\fed3948f064c6e682df0776db3761049.php ç¬¬ 48 è¡Œ.
NOTIC: [8] Undefined variable: left_curr_term_ids E:\work\iswzh\Application\Runtime\Cache\Home\fed3948f064c6e682df0776db3761049.php ç¬¬ 175 è¡Œ.
NOTIC: [2] Invalid argument supplied for foreach() E:\work\iswzh\Application\Runtime\Cache\Home\fed3948f064c6e682df0776db3761049.php ç¬¬ 175 è¡Œ.
NOTIC: [8] Undefined variable: left_curr_term_ids E:\work\iswzh\Application\Runtime\Cache\Home\fed3948f064c6e682df0776db3761049.php ç¬¬ 175 è¡Œ.
NOTIC: [2] Invalid argument supplied for foreach() E:\work\iswzh\Application\Runtime\Cache\Home\fed3948f064c6e682df0776db3761049.php ç¬¬ 175 è¡Œ.
NOTIC: [8] Undefined variable: left_curr_term_ids E:\work\iswzh\Application\Runtime\Cache\Home\fed3948f064c6e682df0776db3761049.php ç¬¬ 175 è¡Œ.
NOTIC: [2] Invalid argument supplied for foreach() E:\work\iswzh\Application\Runtime\Cache\Home\fed3948f064c6e682df0776db3761049.php ç¬¬ 175 è¡Œ.
NOTIC: [8] Undefined variable: left_curr_term_ids E:\work\iswzh\Application\Runtime\Cache\Home\fed3948f064c6e682df0776db3761049.php ç¬¬ 175 è¡Œ.
NOTIC: [2] Invalid argument supplied for foreach() E:\work\iswzh\Application\Runtime\Cache\Home\fed3948f064c6e682df0776db3761049.php ç¬¬ 175 è¡Œ.
NOTIC: [8] Undefined variable: left_curr_term_ids E:\work\iswzh\Application\Runtime\Cache\Home\fed3948f064c6e682df0776db3761049.php ç¬¬ 175 è¡Œ.
NOTIC: [2] Invalid argument supplied for foreach() E:\work\iswzh\Application\Runtime\Cache\Home\fed3948f064c6e682df0776db3761049.php ç¬¬ 175 è¡Œ.
NOTIC: [8] Undefined variable: left_curr_term_ids E:\work\iswzh\Application\Runtime\Cache\Home\fed3948f064c6e682df0776db3761049.php ç¬¬ 175 è¡Œ.
NOTIC: [2] Invalid argument supplied for foreach() E:\work\iswzh\Application\Runtime\Cache\Home\fed3948f064c6e682df0776db3761049.php ç¬¬ 175 è¡Œ.
NOTIC: [8] Undefined variable: left_curr_term_ids E:\work\iswzh\Application\Runtime\Cache\Home\fed3948f064c6e682df0776db3761049.php ç¬¬ 175 è¡Œ.
NOTIC: [2] Invalid argument supplied for foreach() E:\work\iswzh\Application\Runtime\Cache\Home\fed3948f064c6e682df0776db3761049.php ç¬¬ 175 è¡Œ.
NOTIC: [8] Undefined variable: left_curr_term_ids E:\work\iswzh\Application\Runtime\Cache\Home\fed3948f064c6e682df0776db3761049.php ç¬¬ 175 è¡Œ.
NOTIC: [2] Invalid argument supplied for foreach() E:\work\iswzh\Application\Runtime\Cache\Home\fed3948f064c6e682df0776db3761049.php ç¬¬ 175 è¡Œ.
INFO: Run Behavior\ParseTemplateBehavior [ RunTime:0.210304s ]
INFO: [ view_parse ] --END-- [ RunTime:0.210414s ]
INFO: [ view_filter ] --START--
INFO: Run Behavior\WriteHtmlCacheBehavior [ RunTime:0.000796s ]
INFO: [ view_filter ] --END-- [ RunTime:0.001368s ]
INFO: [ app_end ] --START--
INFO: Run Behavior\ShowPageTraceBehavior [ RunTime:0.001921s ]
INFO: [ app_end ] --END-- [ RunTime:0.002252s ]

[ 2014-11-26T16:58:34+08:00 ] 192.168.2.212 /
INFO: [ app_init ] --START--
INFO: Run Behavior\BuildLiteBehavior [ RunTime:0.000075s ]
INFO: [ app_init ] --END-- [ RunTime:0.002842s ]
INFO: [ app_begin ] --START--
INFO: Run Behavior\ReadHtmlCacheBehavior [ RunTime:0.003333s ]
INFO: [ app_begin ] --END-- [ RunTime:0.003660s ]
NOTIC: [8] Undefined index: cid E:\work\iswzh\Application\Home\Controller\CommonController.class.php ç¬¬ 33 è¡Œ.
NOTIC: [2] mysql_connect(): [2002] ÓÉÓÚÄ¿±ê»úÆ÷»ý¼«¾Ü¾ø£¬ÎÞ·¨Á¬½Ó¡£
 (trying to connect via tcp://localhost:3306) E:\work\iswzh\ThinkPHP\Library\Think\Db\Driver\Mysql.class.php ç¬¬ 52 è¡Œ.
NOTIC: [2] mysql_connect(): ÓÉÓÚÄ¿±ê»úÆ÷»ý¼«¾Ü¾ø£¬ÎÞ·¨Á¬½Ó¡£
 E:\work\iswzh\ThinkPHP\Library\Think\Db\Driver\Mysql.class.php ç¬¬ 52 è¡Œ.
ERR: ÓÉÓÚÄ¿±ê»úÆ÷»ý¼«¾Ü¾ø£¬ÎÞ·¨Á¬½Ó¡£


